Mon Jan  2 15:09:25 2012 : demarrage du serveur
Mon Jan  2 15:09:33 2012 : demande du fichier /position.htmlsdf
Mon Jan  2 15:09:33 2012 : requete invalide de la part du client
Mon Jan  2 15:09:34 2012 : demande du fichier /position.htmlsdf
Mon Jan  2 15:09:34 2012 : requete invalide de la part du client
Mon Jan  2 15:09:36 2012 : demande du fichier /position.htmlsdf
Mon Jan  2 15:09:36 2012 : requete invalide de la part du client
Mon Jan  2 15:09:37 2012 : demande du fichier /position.htmlsdf
Mon Jan  2 15:09:37 2012 : requete invalide de la part du client
Mon Jan  2 15:09:38 2012 : demande du fichier /position.htmlsdf
Mon Jan  2 15:09:38 2012 : requete invalide de la part du client
Mon Jan  2 15:09:52 2012 : demande du fichier /position.html
Mon Jan  2 15:09:54 2012 : demande du fichier /position.html
Mon Jan  2 15:09:55 2012 : demande du fichier /position.html
Mon Jan  2 15:09:55 2012 : demande du fichier /position.html
Mon Jan  2 15:09:56 2012 : demande du fichier /position.html
Mon Jan  2 15:09:56 2012 : demande du fichier /position.html
Mon Jan  2 15:09:57 2012 : demande du fichier /position.html
Mon Jan  2 15:09:57 2012 : demande du fichier /position.html
Mon Jan  2 15:09:58 2012 : demande du fichier /position.html
Mon Jan  2 15:09:58 2012 : demande du fichier /position.html
Mon Jan  2 15:09:58 2012 : demande du fichier /position.html
Mon Jan  2 15:09:58 2012 : demande du fichier /position.html
Mon Jan  2 15:09:58 2012 : demande du fichier /position.html
Mon Jan  2 15:09:59 2012 : demande du fichier /position.html
Mon Jan  2 15:09:59 2012 : demande du fichier /position.html
Mon Jan  2 15:09:59 2012 : demande du fichier /position.html
Mon Jan  2 15:09:59 2012 : demande du fichier /position.html
Mon Jan  2 15:10:00 2012 : demande du fichier /position.html
Mon Jan  2 15:10:00 2012 : demande du fichier /position.html
Mon Jan  2 15:10:00 2012 : demande du fichier /position.html
Mon Jan  2 15:10:01 2012 : demande du fichier /position.html
Mon Jan  2 15:10:01 2012 : demande du fichier /position.html
Mon Jan  2 15:10:01 2012 : demande du fichier /position.html
Mon Jan  2 15:10:01 2012 : demande du fichier /position.html
Mon Jan  2 15:10:01 2012 : demande du fichier /position.html
Mon Jan  2 15:10:02 2012 : demande du fichier /position.html
Mon Jan  2 17:33:34 2012 : demarrage du serveur
Mon Jan  2 17:35:42 2012 : demande du fichier /position.html
Mon Jan  2 17:35:43 2012 : demande du fichier /position.html
Mon Jan  2 17:35:44 2012 : demande du fichier /position.html
Mon Jan  2 17:35:47 2012 : demande du fichier /
Mon Jan  2 17:35:49 2012 : demande du fichier /
Mon Jan  2 17:35:49 2012 : demande du fichier /
Mon Jan  2 17:35:49 2012 : demande du fichier /
Mon Jan  2 17:35:49 2012 : demande du fichier /
Mon Jan  2 17:35:54 2012 : demande du fichier /
Mon Jan  2 17:35:54 2012 : demande du fichier /
Mon Jan  2 17:36:01 2012 : demande du fichier /
Mon Jan  2 17:36:06 2012 : demande du fichier /position.html
Mon Jan  2 17:36:33 2012 : demande du fichier /
Mon Jan  2 17:37:33 2012 : demande du fichier /position.html
Mon Jan  2 17:37:51 2012 : demarrage du serveur
Mon Jan  2 17:37:59 2012 : demarrage du serveur
Mon Jan  2 17:39:22 2012 : demarrage du serveur
Mon Jan  2 17:39:55 2012 : demande du fichier /position.html
Mon Jan  2 17:39:56 2012 : demande du fichier /position.html
Mon Jan  2 17:39:57 2012 : demande du fichier /position.html
Mon Jan  2 17:39:57 2012 : demande du fichier /position.html
Mon Jan  2 17:39:58 2012 : demande du fichier /position.html
Mon Jan  2 17:39:58 2012 : demande du fichier /position.html
Mon Jan  2 17:39:58 2012 : demande du fichier /position.html
Mon Jan  2 17:39:58 2012 : demande du fichier /position.html
Mon Jan  2 17:39:59 2012 : demande du fichier /position.html
Mon Jan  2 17:39:59 2012 : demande du fichier /position.html
Mon Jan  2 17:39:59 2012 : demande du fichier /position.html
Mon Jan  2 17:40:00 2012 : demande du fichier /position.html
Mon Jan  2 17:40:00 2012 : demande du fichier /position.html
Mon Jan  2 17:40:00 2012 : demande du fichier /position.html
Mon Jan  2 17:40:00 2012 : demande du fichier /position.html
Mon Jan  2 17:40:00 2012 : demande du fichier /position.html
Mon Jan  2 17:40:01 2012 : demande du fichier /position.html
Mon Jan  2 17:40:01 2012 : demande du fichier /position.html
Mon Jan  2 17:40:01 2012 : demande du fichier /position.html
Mon Jan  2 17:40:01 2012 : demande du fichier /position.html
Mon Jan  2 17:40:01 2012 : demande du fichier /position.html
Mon Jan  2 17:40:01 2012 : demande du fichier /position.html
Mon Jan  2 17:40:01 2012 : demande du fichier /position.html
Mon Jan  2 17:40:02 2012 : demande du fichier /position.html
Mon Jan  2 17:40:02 2012 : demande du fichier /position.html
Mon Jan  2 17:40:02 2012 : demande du fichier /position.html
Mon Jan  2 17:40:02 2012 : demande du fichier /position.html
Mon Jan  2 17:40:02 2012 : demande du fichier /position.html
Mon Jan  2 17:40:02 2012 : demande du fichier /position.html
Mon Jan  2 17:40:03 2012 : demande du fichier /position.html
Mon Jan  2 17:40:03 2012 : demande du fichier /position.html
Mon Jan  2 17:40:03 2012 : demande du fichier /position.html
Mon Jan  2 17:40:03 2012 : demande du fichier /position.html
Mon Jan  2 17:40:06 2012 : demande du fichier /
Mon Jan  2 17:40:07 2012 : demande du fichier /
Mon Jan  2 17:43:53 2012 : demande du fichier /
Mon Jan  2 17:43:54 2012 : demande du fichier /
Mon Jan  2 17:43:54 2012 : demande du fichier /
Mon Jan  2 17:43:54 2012 : demande du fichier /
Mon Jan  2 17:43:55 2012 : demande du fichier /position.html
Mon Jan  2 17:43:56 2012 : demande du fichier /position.html
Mon Jan  2 17:44:01 2012 : demande du fichier /
Mon Jan  2 17:44:02 2012 : demande du fichier /position.html
Mon Jan  2 17:45:57 2012 : demande du fichier /
Mon Jan  2 17:45:58 2012 : demande du fichier /
Mon Jan  2 17:45:58 2012 : demande du fichier /
Mon Jan  2 17:45:58 2012 : demande du fichier /
Mon Jan  2 17:46:00 2012 : demande du fichier /position.html
Mon Jan  2 17:46:01 2012 : demande du fichier /position.html
Mon Jan  2 17:46:02 2012 : demande du fichier /position.html
Mon Jan  2 17:46:02 2012 : demande du fichier /position.html
Mon Jan  2 17:46:02 2012 : demande du fichier /position.html
Mon Jan  2 17:46:02 2012 : demande du fichier /position.html
Mon Jan  2 17:46:02 2012 : demande du fichier /position.html
Mon Jan  2 17:46:03 2012 : demande du fichier /position.html
Mon Jan  2 17:46:03 2012 : demande du fichier /position.html
Mon Jan  2 17:46:03 2012 : demande du fichier /position.html
Mon Jan  2 17:46:04 2012 : demande du fichier /position.html
Mon Jan  2 17:46:04 2012 : demande du fichier /position.html
Mon Jan  2 17:46:04 2012 : demande du fichier /position.html
Mon Jan  2 17:46:04 2012 : demande du fichier /position.html
Mon Jan  2 17:46:04 2012 : demande du fichier /position.html
Mon Jan  2 17:46:04 2012 : demande du fichier /position.html
Mon Jan  2 17:46:04 2012 : demande du fichier /position.html
Mon Jan  2 17:46:04 2012 : demande du fichier /position.html
Mon Jan  2 17:46:04 2012 : demande du fichier /position.html
Mon Jan  2 17:46:04 2012 : demande du fichier /position.html
Mon Jan  2 17:46:04 2012 : demande du fichier /position.html
Mon Jan  2 17:46:04 2012 : demande du fichier /position.html
Mon Jan  2 17:53:46 2012 : demarrage du serveur
Mon Jan  2 17:54:07 2012 : demande du fichier /position.html
Mon Jan  2 17:54:08 2012 : demande du fichier /position.html
Mon Jan  2 17:54:09 2012 : demande du fichier /position.html
Mon Jan  2 17:54:09 2012 : demande du fichier /position.html
Mon Jan  2 17:54:10 2012 : demande du fichier /position.html
Mon Jan  2 17:54:10 2012 : demande du fichier /position.html
Mon Jan  2 17:54:11 2012 : demande du fichier /position.html
Mon Jan  2 17:54:11 2012 : demande du fichier /position.html
Mon Jan  2 17:54:14 2012 : demande du fichier /
Mon Jan  2 17:54:16 2012 : demande du fichier /position.html
Mon Jan  2 17:54:17 2012 : demande du fichier /position.htmlf
Mon Jan  2 17:54:17 2012 : requete invalide de la part du client
Mon Jan  2 17:58:12 2012 : demarrage du serveur
Mon Jan  2 17:58:17 2012 : demande du fichier /position.htmlf
Mon Jan  2 17:58:17 2012 : requete invalide de la part du client
Mon Jan  2 17:58:19 2012 : demande du fichier /position.htmlf
Mon Jan  2 17:58:19 2012 : requete invalide de la part du client
Mon Jan  2 17:58:33 2012 : demande du fichier /position.htmlf
Mon Jan  2 17:58:33 2012 : requete invalide de la part du client
Mon Jan  2 17:58:34 2012 : demande du fichier /position.htmlf
Mon Jan  2 17:58:34 2012 : requete invalide de la part du client
Mon Jan  2 17:58:34 2012 : demande du fichier /position.htmlf
Mon Jan  2 17:58:34 2012 : requete invalide de la part du client
Mon Jan  2 17:58:34 2012 : demande du fichier /position.htmlf
Mon Jan  2 17:58:34 2012 : requete invalide de la part du client
Mon Jan  2 17:58:34 2012 : demande du fichier /position.htmlf
Mon Jan  2 17:58:34 2012 : requete invalide de la part du client
Mon Jan  2 17:58:34 2012 : demande du fichier /position.htmlf
Mon Jan  2 17:58:34 2012 : requete invalide de la part du client
Mon Jan  2 17:58:34 2012 : demande du fichier /position.htmlf
Mon Jan  2 17:58:34 2012 : requete invalide de la part du client
Mon Jan  2 17:58:34 2012 : demande du fichier /position.htmlf
Mon Jan  2 17:58:34 2012 : requete invalide de la part du client
Mon Jan  2 17:58:34 2012 : demande du fichier /position.htmlf
Mon Jan  2 17:58:34 2012 : requete invalide de la part du client
Mon Jan  2 17:58:34 2012 : demande du fichier /position.htmlf
Mon Jan  2 17:58:34 2012 : requete invalide de la part du client
Mon Jan  2 17:58:35 2012 : demande du fichier /position.htmlf
Mon Jan  2 17:58:35 2012 : requete invalide de la part du client
Mon Jan  2 17:58:35 2012 : demande du fichier /position.htmlf
Mon Jan  2 17:58:35 2012 : requete invalide de la part du client
Mon Jan  2 17:59:24 2012 : demarrage du serveur
Mon Jan  2 18:00:29 2012 : demarrage du serveur
Mon Jan  2 18:00:33 2012 : demande du fichier /position.htmlf
Mon Jan  2 18:00:33 2012 : requete invalide de la part du client
Mon Jan  2 18:00:33 2012 : demande du fichier /position.htmlf
Mon Jan  2 18:00:33 2012 : requete invalide de la part du client
Mon Jan  2 18:00:34 2012 : demande du fichier /position.htmlf
Mon Jan  2 18:00:34 2012 : requete invalide de la part du client
Mon Jan  2 18:00:34 2012 : demande du fichier /position.htmlf
Mon Jan  2 18:00:34 2012 : requete invalide de la part du client
Mon Jan  2 18:00:34 2012 : demande du fichier /position.htmlf
Mon Jan  2 18:00:34 2012 : requete invalide de la part du client
Mon Jan  2 18:00:34 2012 : demande du fichier /position.htmlf
Mon Jan  2 18:00:34 2012 : requete invalide de la part du client
Mon Jan  2 18:00:34 2012 : demande du fichier /position.htmlf
Mon Jan  2 18:00:34 2012 : requete invalide de la part du client
Mon Jan  2 18:00:34 2012 : demande du fichier /position.htmlf
Mon Jan  2 18:00:34 2012 : requete invalide de la part du client
Mon Jan  2 18:00:34 2012 : demande du fichier /position.htmlf
Mon Jan  2 18:00:34 2012 : requete invalide de la part du client
Mon Jan  2 18:00:34 2012 : demande du fichier /position.htmlf
Mon Jan  2 18:00:34 2012 : requete invalide de la part du client
Mon Jan  2 18:00:34 2012 : demande du fichier /position.htmlf
Mon Jan  2 18:00:34 2012 : requete invalide de la part du client
Mon Jan  2 18:00:34 2012 : demande du fichier /position.htmlf
Mon Jan  2 18:00:34 2012 : requete invalide de la part du client
Mon Jan  2 18:00:35 2012 : demande du fichier /position.htmlf
Mon Jan  2 18:00:35 2012 : requete invalide de la part du client
Mon Jan  2 18:00:35 2012 : demande du fichier /position.htmlf
Mon Jan  2 18:00:35 2012 : requete invalide de la part du client
Mon Jan  2 18:00:35 2012 : demande du fichier /position.htmlf
Mon Jan  2 18:00:35 2012 : requete invalide de la part du client
Mon Jan  2 18:00:35 2012 : demande du fichier /position.htmlf
Mon Jan  2 18:00:35 2012 : requete invalide de la part du client
Mon Jan  2 18:00:35 2012 : demande du fichier /position.htmlf
Mon Jan  2 18:00:35 2012 : requete invalide de la part du client
Mon Jan  2 18:00:35 2012 : demande du fichier /position.htmlf
Mon Jan  2 18:00:35 2012 : requete invalide de la part du client
Mon Jan  2 18:00:35 2012 : demande du fichier /position.htmlf
Mon Jan  2 18:00:35 2012 : requete invalide de la part du client
Mon Jan  2 18:00:35 2012 : demande du fichier /position.htmlf
Mon Jan  2 18:00:35 2012 : requete invalide de la part du client
Mon Jan  2 18:00:35 2012 : demande du fichier /position.htmlf
Mon Jan  2 18:00:35 2012 : requete invalide de la part du client
Mon Jan  2 18:00:35 2012 : demande du fichier /position.htmlf
Mon Jan  2 18:00:35 2012 : requete invalide de la part du client
Mon Jan  2 18:00:35 2012 : demande du fichier /position.htmlf
Mon Jan  2 18:00:35 2012 : requete invalide de la part du client
Mon Jan  2 18:00:35 2012 : demande du fichier /position.htmlf
Mon Jan  2 18:00:35 2012 : requete invalide de la part du client
Mon Jan  2 18:00:35 2012 : demande du fichier /position.htmlf
Mon Jan  2 18:00:35 2012 : requete invalide de la part du client
Mon Jan  2 18:00:35 2012 : demande du fichier /position.htmlf
Mon Jan  2 18:00:35 2012 : requete invalide de la part du client
Mon Jan  2 18:00:35 2012 : demande du fichier /position.htmlf
Mon Jan  2 18:00:35 2012 : requete invalide de la part du client
Mon Jan  2 18:00:35 2012 : demande du fichier /position.htmlf
Mon Jan  2 18:00:35 2012 : requete invalide de la part du client
Mon Jan  2 18:00:35 2012 : demande du fichier /position.htmlf
Mon Jan  2 18:00:35 2012 : requete invalide de la part du client
Mon Jan  2 18:00:35 2012 : demande du fichier /position.htmlf
Mon Jan  2 18:00:35 2012 : requete invalide de la part du client
Mon Jan  2 18:00:35 2012 : demande du fichier /position.htmlf
Mon Jan  2 18:00:35 2012 : requete invalide de la part du client
Mon Jan  2 18:00:35 2012 : demande du fichier /position.htmlf
Mon Jan  2 18:00:35 2012 : requete invalide de la part du client
Mon Jan  2 18:00:35 2012 : demande du fichier /position.htmlf
Mon Jan  2 18:00:35 2012 : requete invalide de la part du client
Mon Jan  2 18:00:35 2012 : demande du fichier /position.htmlf
Mon Jan  2 18:00:35 2012 : requete invalide de la part du client
Mon Jan  2 18:00:35 2012 : demande du fichier /position.htmlf
Mon Jan  2 18:00:35 2012 : requete invalide de la part du client
Mon Jan  2 18:00:35 2012 : demande du fichier /position.htmlf
Mon Jan  2 18:00:35 2012 : requete invalide de la part du client
Mon Jan  2 18:00:38 2012 : demande du fichier /position.html
Mon Jan  2 18:00:39 2012 : demande du fichier /position.html
Mon Jan  2 18:00:39 2012 : demande du fichier /position.html
Mon Jan  2 18:00:40 2012 : demande du fichier /position.html
Mon Jan  2 18:00:40 2012 : demande du fichier /position.html
Mon Jan  2 18:00:40 2012 : demande du fichier /position.html
Mon Jan  2 18:00:40 2012 : demande du fichier /position.html
Mon Jan  2 18:00:40 2012 : demande du fichier /position.html
Mon Jan  2 18:00:40 2012 : demande du fichier /position.html
Mon Jan  2 18:00:40 2012 : demande du fichier /position.html
Mon Jan  2 18:00:40 2012 : demande du fichier /position.html
Mon Jan  2 18:00:40 2012 : demande du fichier /position.html
Mon Jan  2 18:00:40 2012 : demande du fichier /position.html
Mon Jan  2 18:00:40 2012 : demande du fichier /position.html
Mon Jan  2 18:00:40 2012 : demande du fichier /position.html
Mon Jan  2 18:00:40 2012 : demande du fichier /position.html
Mon Jan  2 18:00:40 2012 : demande du fichier /position.html
Mon Jan  2 18:00:40 2012 : demande du fichier /position.html
Mon Jan  2 18:00:40 2012 : demande du fichier /position.html
Mon Jan  2 18:00:40 2012 : demande du fichier /position.html
Mon Jan  2 18:00:41 2012 : demande du fichier /position.html
Mon Jan  2 18:00:41 2012 : demande du fichier /position.html
Mon Jan  2 18:00:41 2012 : demande du fichier /position.html
Mon Jan  2 18:00:41 2012 : demande du fichier /position.html
Mon Jan  2 18:00:41 2012 : demande du fichier /position.html
Mon Jan  2 18:00:41 2012 : demande du fichier /position.html
Mon Jan  2 18:00:41 2012 : demande du fichier /position.html
Mon Jan  2 18:00:41 2012 : demande du fichier /position.html
Mon Jan  2 18:00:41 2012 : demande du fichier /position.html
Mon Jan  2 18:00:41 2012 : demande du fichier /position.html
Mon Jan  2 18:00:41 2012 : demande du fichier /position.html
Mon Jan  2 18:00:41 2012 : demande du fichier /position.html
Mon Jan  2 18:00:41 2012 : demande du fichier /position.html
Mon Jan  2 18:00:41 2012 : demande du fichier /position.html
Mon Jan  2 18:00:41 2012 : demande du fichier /position.html
Mon Jan  2 18:00:41 2012 : demande du fichier /position.html
Mon Jan  2 18:00:41 2012 : demande du fichier /position.html
Mon Jan  2 18:00:41 2012 : demande du fichier /position.html
Mon Jan  2 18:00:41 2012 : demande du fichier /position.html
Mon Jan  2 18:00:41 2012 : demande du fichier /position.html
Mon Jan  2 18:00:41 2012 : demande du fichier /position.html
Mon Jan  2 18:00:41 2012 : demande du fichier /position.html
Mon Jan  2 18:00:41 2012 : demande du fichier /position.html
Mon Jan  2 18:00:42 2012 : demande du fichier /position.html
Mon Jan  2 18:00:42 2012 : demande du fichier /position.html
Mon Jan  2 18:00:42 2012 : demande du fichier /position.html
Mon Jan  2 18:00:42 2012 : demande du fichier /position.html
Mon Jan  2 18:00:42 2012 : demande du fichier /position.html
Mon Jan  2 18:00:42 2012 : demande du fichier /position.html
Mon Jan  2 18:00:42 2012 : demande du fichier /position.html
Mon Jan  2 18:00:42 2012 : demande du fichier /position.html
Mon Jan  2 18:00:42 2012 : demande du fichier /position.html
Mon Jan  2 18:00:42 2012 : demande du fichier /position.html
Mon Jan  2 18:00:42 2012 : demande du fichier /position.html
Mon Jan  2 18:00:42 2012 : demande du fichier /position.html
Mon Jan  2 18:00:42 2012 : demande du fichier /position.html
Mon Jan  2 18:00:42 2012 : demande du fichier /position.html
Mon Jan  2 18:00:42 2012 : demande du fichier /position.html
Mon Jan  2 18:00:42 2012 : demande du fichier /position.html
Mon Jan  2 18:00:42 2012 : demande du fichier /position.html
Mon Jan  2 18:00:42 2012 : demande du fichier /position.html
Mon Jan  2 18:00:42 2012 : demande du fichier /position.html
Mon Jan  2 18:00:43 2012 : demande du fichier /position.html
Mon Jan  2 18:00:43 2012 : demande du fichier /position.html
Mon Jan  2 18:00:44 2012 : demande du fichier /positiorn.html
Mon Jan  2 18:00:44 2012 : requete invalide de la part du client
Mon Jan  2 18:00:45 2012 : demande du fichier /position.html
Mon Jan  2 18:00:48 2012 : demande du fichier /positiorn.html
Mon Jan  2 18:00:48 2012 : requete invalide de la part du client
Mon Jan  2 18:00:49 2012 : demande du fichier /position.html
Mon Jan  2 18:00:52 2012 : demande du fichier /position.htmldfg
Mon Jan  2 18:00:52 2012 : requete invalide de la part du client
Mon Jan  2 18:01:11 2012 : demande du fichier /
Mon Jan  2 18:01:13 2012 : demande du fichier /l
Mon Jan  2 18:01:13 2012 : requete invalide de la part du client
Mon Jan  2 18:01:15 2012 : demande du fichier /l
Mon Jan  2 18:01:15 2012 : requete invalide de la part du client
Mon Jan  2 18:01:26 2012 : demande du fichier /l.php
Mon Jan  2 18:01:26 2012 : requete invalide de la part du client
Mon Jan  2 18:01:29 2012 : demande du fichier /
Mon Jan  2 18:01:30 2012 : demande du fichier /
Mon Jan  2 18:08:39 2012 : demarrage du serveur
Mon Jan  2 18:08:44 2012 : demande du fichier /
Mon Jan  2 18:08:45 2012 : demande du fichier /
Mon Jan  2 18:08:46 2012 : demande du fichier /
Mon Jan  2 18:08:53 2012 : demande du fichier /j
Mon Jan  2 18:08:53 2012 : requete invalide de la part du client
Mon Jan  2 18:08:57 2012 : demande du fichier /j
Mon Jan  2 18:08:57 2012 : requete invalide de la part du client
Mon Jan  2 18:11:28 2012 : demarrage du serveur
Mon Jan  2 18:12:12 2012 : demande du fichier /
Mon Jan  2 18:12:14 2012 : demande du fichier /
Mon Jan  2 18:12:15 2012 : demande du fichier /
Mon Jan  2 18:12:15 2012 : demande du fichier /
Mon Jan  2 18:12:16 2012 : demande du fichier /
Mon Jan  2 18:12:16 2012 : demande du fichier /
Mon Jan  2 18:12:16 2012 : demande du fichier /
Mon Jan  2 18:12:16 2012 : demande du fichier /
Mon Jan  2 18:12:16 2012 : demande du fichier /
Mon Jan  2 18:12:16 2012 : demande du fichier /
Mon Jan  2 18:12:16 2012 : demande du fichier /
Mon Jan  2 18:12:16 2012 : demande du fichier /
Mon Jan  2 18:12:16 2012 : demande du fichier /
Mon Jan  2 18:12:16 2012 : demande du fichier /
Mon Jan  2 18:12:16 2012 : demande du fichier /
Mon Jan  2 18:12:16 2012 : demande du fichier /
Mon Jan  2 18:12:16 2012 : demande du fichier /
Mon Jan  2 18:12:16 2012 : demande du fichier /
Mon Jan  2 18:12:16 2012 : demande du fichier /
Mon Jan  2 18:12:16 2012 : demande du fichier /
Mon Jan  2 18:12:16 2012 : demande du fichier /
Mon Jan  2 18:12:17 2012 : demande du fichier /
Mon Jan  2 18:12:17 2012 : demande du fichier /
Mon Jan  2 18:12:17 2012 : demande du fichier /
Mon Jan  2 18:12:17 2012 : demande du fichier /
Mon Jan  2 18:12:20 2012 : demande du fichier /dsfs
Mon Jan  2 18:12:20 2012 : requete invalide de la part du client
Mon Jan  2 18:12:22 2012 : demande du fichier /dsfs
Mon Jan  2 18:12:22 2012 : requete invalide de la part du client
Mon Jan  2 18:12:23 2012 : demande du fichier /dsfs
Mon Jan  2 18:12:23 2012 : requete invalide de la part du client
Mon Jan  2 18:12:23 2012 : demande du fichier /dsfs
Mon Jan  2 18:12:23 2012 : requete invalide de la part du client
Mon Jan  2 18:12:24 2012 : demande du fichier /dsfs
Mon Jan  2 18:12:24 2012 : requete invalide de la part du client
Mon Jan  2 18:12:24 2012 : demande du fichier /dsfs
Mon Jan  2 18:12:24 2012 : requete invalide de la part du client
Mon Jan  2 18:12:24 2012 : demande du fichier /dsfs
Mon Jan  2 18:12:24 2012 : requete invalide de la part du client
Mon Jan  2 18:19:23 2012 : demarrage du serveur
Mon Jan  2 18:19:44 2012 : demande du fichier /dsfs
Mon Jan  2 18:19:44 2012 : requete invalide de la part du client
Mon Jan  2 18:19:45 2012 : demande du fichier /dsfs
Mon Jan  2 18:19:45 2012 : requete invalide de la part du client
Mon Jan  2 18:19:45 2012 : demande du fichier /dsfs
Mon Jan  2 18:19:45 2012 : requete invalide de la part du client
Mon Jan  2 18:19:46 2012 : demande du fichier /dsfs
Mon Jan  2 18:19:46 2012 : requete invalide de la part du client
Mon Jan  2 18:19:46 2012 : demande du fichier /dsfs
Mon Jan  2 18:19:46 2012 : requete invalide de la part du client
Mon Jan  2 18:19:46 2012 : demande du fichier /dsfs
Mon Jan  2 18:19:46 2012 : requete invalide de la part du client
Mon Jan  2 18:19:46 2012 : demande du fichier /dsfs
Mon Jan  2 18:19:46 2012 : requete invalide de la part du client
Mon Jan  2 18:19:46 2012 : demande du fichier /dsfs
Mon Jan  2 18:19:46 2012 : requete invalide de la part du client
Mon Jan  2 18:19:46 2012 : demande du fichier /dsfs
Mon Jan  2 18:19:46 2012 : requete invalide de la part du client
Mon Jan  2 18:19:46 2012 : demande du fichier /dsfs
Mon Jan  2 18:19:46 2012 : requete invalide de la part du client
Mon Jan  2 18:19:46 2012 : demande du fichier /dsfs
Mon Jan  2 18:19:46 2012 : requete invalide de la part du client
Mon Jan  2 18:19:46 2012 : demande du fichier /dsfs
Mon Jan  2 18:19:46 2012 : requete invalide de la part du client
Mon Jan  2 18:19:55 2012 : demande du fichier /fdgdfg
Mon Jan  2 18:19:55 2012 : requete invalide de la part du client
Mon Jan  2 18:19:59 2012 : demande du fichier /
Mon Jan  2 18:19:59 2012 : requete invalide de la part du client
Mon Jan  2 18:20:01 2012 : demande du fichier /
Mon Jan  2 18:20:01 2012 : requete invalide de la part du client
Mon Jan  2 18:20:01 2012 : demande du fichier /
Mon Jan  2 18:20:01 2012 : requete invalide de la part du client
Mon Jan  2 18:20:02 2012 : demande du fichier /
Mon Jan  2 18:20:02 2012 : requete invalide de la part du client
Mon Jan  2 18:20:02 2012 : demande du fichier /
Mon Jan  2 18:20:02 2012 : requete invalide de la part du client
Mon Jan  2 18:20:02 2012 : demande du fichier /
Mon Jan  2 18:20:02 2012 : requete invalide de la part du client
Mon Jan  2 18:20:02 2012 : demande du fichier /
Mon Jan  2 18:20:02 2012 : requete invalide de la part du client
Mon Jan  2 18:20:02 2012 : demande du fichier /
Mon Jan  2 18:20:02 2012 : requete invalide de la part du client
Mon Jan  2 18:20:02 2012 : demande du fichier /
Mon Jan  2 18:20:02 2012 : requete invalide de la part du client
Mon Jan  2 18:20:02 2012 : demande du fichier /
Mon Jan  2 18:20:02 2012 : requete invalide de la part du client
Mon Jan  2 18:20:02 2012 : demande du fichier /
Mon Jan  2 18:20:02 2012 : requete invalide de la part du client
Mon Jan  2 18:20:02 2012 : demande du fichier /
Mon Jan  2 18:20:02 2012 : requete invalide de la part du client
Mon Jan  2 18:20:02 2012 : demande du fichier /
Mon Jan  2 18:20:02 2012 : requete invalide de la part du client
Mon Jan  2 18:20:02 2012 : demande du fichier /
Mon Jan  2 18:20:02 2012 : requete invalide de la part du client
Mon Jan  2 18:20:02 2012 : demande du fichier /
Mon Jan  2 18:20:02 2012 : requete invalide de la part du client
Mon Jan  2 18:20:02 2012 : demande du fichier /
Mon Jan  2 18:20:02 2012 : requete invalide de la part du client
Mon Jan  2 18:20:02 2012 : demande du fichier /
Mon Jan  2 18:20:02 2012 : requete invalide de la part du client
Mon Jan  2 18:20:03 2012 : demande du fichier /
Mon Jan  2 18:20:03 2012 : requete invalide de la part du client
Mon Jan  2 18:20:03 2012 : demande du fichier /
Mon Jan  2 18:20:03 2012 : requete invalide de la part du client
Mon Jan  2 18:20:03 2012 : demande du fichier /
Mon Jan  2 18:20:03 2012 : requete invalide de la part du client
Mon Jan  2 18:20:03 2012 : demande du fichier /
Mon Jan  2 18:20:03 2012 : requete invalide de la part du client
Mon Jan  2 18:20:03 2012 : demande du fichier /
Mon Jan  2 18:20:03 2012 : requete invalide de la part du client
Mon Jan  2 18:20:03 2012 : demande du fichier /
Mon Jan  2 18:20:03 2012 : requete invalide de la part du client
Mon Jan  2 18:20:03 2012 : demande du fichier /
Mon Jan  2 18:20:03 2012 : requete invalide de la part du client
Mon Jan  2 18:20:03 2012 : demande du fichier /
Mon Jan  2 18:20:03 2012 : requete invalide de la part du client
Mon Jan  2 18:20:03 2012 : demande du fichier /
Mon Jan  2 18:20:03 2012 : requete invalide de la part du client
Mon Jan  2 18:20:03 2012 : demande du fichier /
Mon Jan  2 18:20:03 2012 : requete invalide de la part du client
Mon Jan  2 18:20:03 2012 : demande du fichier /
Mon Jan  2 18:20:03 2012 : requete invalide de la part du client
Mon Jan  2 18:20:04 2012 : demande du fichier /
Mon Jan  2 18:20:04 2012 : requete invalide de la part du client
Mon Jan  2 18:20:04 2012 : demande du fichier /
Mon Jan  2 18:20:04 2012 : requete invalide de la part du client
Mon Jan  2 18:20:04 2012 : demande du fichier /
Mon Jan  2 18:20:04 2012 : requete invalide de la part du client
Mon Jan  2 18:20:04 2012 : demande du fichier /
Mon Jan  2 18:20:04 2012 : requete invalide de la part du client
Mon Jan  2 18:20:05 2012 : demande du fichier /
Mon Jan  2 18:20:05 2012 : requete invalide de la part du client
Mon Jan  2 18:20:05 2012 : demande du fichier /
Mon Jan  2 18:20:05 2012 : requete invalide de la part du client
Mon Jan  2 18:20:05 2012 : demande du fichier /
Mon Jan  2 18:20:05 2012 : requete invalide de la part du client
Mon Jan  2 18:20:05 2012 : demande du fichier /
Mon Jan  2 18:20:05 2012 : requete invalide de la part du client
Mon Jan  2 18:20:05 2012 : demande du fichier /
Mon Jan  2 18:20:05 2012 : requete invalide de la part du client
Mon Jan  2 18:20:05 2012 : demande du fichier /
Mon Jan  2 18:20:05 2012 : requete invalide de la part du client
Mon Jan  2 18:20:05 2012 : demande du fichier /
Mon Jan  2 18:20:05 2012 : requete invalide de la part du client
Mon Jan  2 18:20:05 2012 : demande du fichier /
Mon Jan  2 18:20:05 2012 : requete invalide de la part du client
Mon Jan  2 18:20:05 2012 : demande du fichier /
Mon Jan  2 18:20:05 2012 : requete invalide de la part du client
Mon Jan  2 18:20:05 2012 : demande du fichier /
Mon Jan  2 18:20:05 2012 : requete invalide de la part du client
Mon Jan  2 18:20:05 2012 : demande du fichier /
Mon Jan  2 18:20:05 2012 : requete invalide de la part du client
Mon Jan  2 18:20:05 2012 : demande du fichier /
Mon Jan  2 18:20:05 2012 : requete invalide de la part du client
Mon Jan  2 18:20:05 2012 : demande du fichier /
Mon Jan  2 18:20:05 2012 : requete invalide de la part du client
Mon Jan  2 18:20:05 2012 : demande du fichier /
Mon Jan  2 18:20:05 2012 : requete invalide de la part du client
Mon Jan  2 18:20:05 2012 : demande du fichier /
Mon Jan  2 18:20:05 2012 : requete invalide de la part du client
Mon Jan  2 18:20:05 2012 : demande du fichier /
Mon Jan  2 18:20:05 2012 : requete invalide de la part du client
Mon Jan  2 18:20:05 2012 : demande du fichier /
Mon Jan  2 18:20:05 2012 : requete invalide de la part du client
Mon Jan  2 18:20:05 2012 : demande du fichier /
Mon Jan  2 18:20:05 2012 : requete invalide de la part du client
Mon Jan  2 18:20:05 2012 : demande du fichier /
Mon Jan  2 18:20:05 2012 : requete invalide de la part du client
Mon Jan  2 18:20:05 2012 : demande du fichier /
Mon Jan  2 18:20:05 2012 : requete invalide de la part du client
Mon Jan  2 18:20:05 2012 : demande du fichier /
Mon Jan  2 18:20:05 2012 : requete invalide de la part du client
Mon Jan  2 18:20:05 2012 : demande du fichier /
Mon Jan  2 18:20:05 2012 : requete invalide de la part du client
Mon Jan  2 18:20:05 2012 : demande du fichier /
Mon Jan  2 18:20:05 2012 : requete invalide de la part du client
Mon Jan  2 18:20:06 2012 : demande du fichier /
Mon Jan  2 18:20:06 2012 : requete invalide de la part du client
Mon Jan  2 18:20:06 2012 : demande du fichier /
Mon Jan  2 18:20:06 2012 : requete invalide de la part du client
Mon Jan  2 18:20:06 2012 : demande du fichier /
Mon Jan  2 18:20:06 2012 : requete invalide de la part du client
Mon Jan  2 18:20:06 2012 : demande du fichier /
Mon Jan  2 18:20:06 2012 : requete invalide de la part du client
Mon Jan  2 18:20:06 2012 : demande du fichier /
Mon Jan  2 18:20:06 2012 : requete invalide de la part du client
Mon Jan  2 18:20:06 2012 : demande du fichier /
Mon Jan  2 18:20:06 2012 : requete invalide de la part du client
Mon Jan  2 18:20:06 2012 : demande du fichier /
Mon Jan  2 18:20:06 2012 : requete invalide de la part du client
Mon Jan  2 18:20:06 2012 : demande du fichier /
Mon Jan  2 18:20:06 2012 : requete invalide de la part du client
Mon Jan  2 18:20:06 2012 : demande du fichier /
Mon Jan  2 18:20:06 2012 : requete invalide de la part du client
Mon Jan  2 18:20:06 2012 : demande du fichier /
Mon Jan  2 18:20:06 2012 : requete invalide de la part du client
Mon Jan  2 18:20:06 2012 : demande du fichier /
Mon Jan  2 18:20:06 2012 : requete invalide de la part du client
Mon Jan  2 18:20:06 2012 : demande du fichier /
Mon Jan  2 18:20:06 2012 : requete invalide de la part du client
Mon Jan  2 18:20:06 2012 : demande du fichier /
Mon Jan  2 18:20:06 2012 : requete invalide de la part du client
Mon Jan  2 18:20:06 2012 : demande du fichier /
Mon Jan  2 18:20:06 2012 : requete invalide de la part du client
Mon Jan  2 18:20:08 2012 : demande du fichier /
Mon Jan  2 18:20:08 2012 : requete invalide de la part du client
Mon Jan  2 18:20:11 2012 : demande du fichier /position.html
Mon Jan  2 18:20:11 2012 : requete invalide de la part du client
Mon Jan  2 18:22:17 2012 : demarrage du serveur
Mon Jan  2 18:22:22 2012 : demande du fichier /position.html
Mon Jan  2 18:22:22 2012 : requete invalide de la part du client
Mon Jan  2 18:22:26 2012 : demande du fichier /position.html
Mon Jan  2 18:22:26 2012 : requete invalide de la part du client
Mon Jan  2 18:22:41 2012 : demarrage du serveur
Mon Jan  2 18:22:52 2012 : demarrage du serveur
Mon Jan  2 18:23:08 2012 : demarrage du serveur
Mon Jan  2 18:23:19 2012 : demarrage du serveur
Mon Jan  2 18:23:23 2012 : demande du fichier /position.html
Mon Jan  2 18:23:23 2012 : demande du fichier /favicon.ico
Mon Jan  2 18:23:23 2012 : requete invalide de la part du client
Mon Jan  2 18:23:23 2012 : demande du fichier /favicon.ico
Mon Jan  2 18:23:23 2012 : requete invalide de la part du client
Mon Jan  2 18:23:26 2012 : demande du fichier /position.html
Mon Jan  2 18:23:27 2012 : demande du fichier /position.html
Mon Jan  2 18:23:27 2012 : demande du fichier /position.html
Mon Jan  2 18:23:27 2012 : demande du fichier /position.html
Mon Jan  2 18:23:27 2012 : demande du fichier /position.html
Mon Jan  2 18:23:29 2012 : demande du fichier /pof
Mon Jan  2 18:23:29 2012 : requete invalide de la part du client
Mon Jan  2 18:23:32 2012 : demande du fichier /
Mon Jan  2 18:23:34 2012 : demande du fichier /position.html
Mon Jan  2 18:23:36 2012 : demande du fichier /position.htmlf
Mon Jan  2 18:23:36 2012 : requete invalide de la part du client
Mon Jan  2 18:23:38 2012 : demande du fichier /position.htmlf
Mon Jan  2 18:23:38 2012 : requete invalide de la part du client
Mon Jan  2 18:23:38 2012 : demande du fichier /position.htmlf
Mon Jan  2 18:23:38 2012 : requete invalide de la part du client
Mon Jan  2 18:23:38 2012 : demande du fichier /position.htmlf
Mon Jan  2 18:23:38 2012 : requete invalide de la part du client
Mon Jan  2 18:23:39 2012 : demande du fichier /position.htmlf
Mon Jan  2 18:23:39 2012 : requete invalide de la part du client
Mon Jan  2 18:23:39 2012 : demande du fichier /position.htmlf
Mon Jan  2 18:23:39 2012 : requete invalide de la part du client
Mon Jan  2 18:23:39 2012 : demande du fichier /position.htmlf
Mon Jan  2 18:23:39 2012 : requete invalide de la part du client
Mon Jan  2 18:25:05 2012 : demande du fichier /position.htmlf
Mon Jan  2 18:25:05 2012 : requete invalide de la part du client
Mon Jan  2 18:25:05 2012 : demande du fichier /position.htmlf
Mon Jan  2 18:25:05 2012 : requete invalide de la part du client
Mon Jan  2 18:25:05 2012 : demande du fichier /position.htmlf
Mon Jan  2 18:25:05 2012 : requete invalide de la part du client
Mon Jan  2 18:25:05 2012 : demande du fichier /position.htmlf
Mon Jan  2 18:25:05 2012 : requete invalide de la part du client
Mon Jan  2 18:25:09 2012 : demande du fichier /
Mon Jan  2 18:25:12 2012 : demande du fichier /position.html
Mon Jan  2 18:25:16 2012 : demande du fichier /position.html
Mon Jan  2 18:25:17 2012 : demande du fichier /position.html
Mon Jan  2 18:25:17 2012 : demande du fichier /position.html
Mon Jan  2 18:25:17 2012 : demande du fichier /position.html
Mon Jan  2 18:25:17 2012 : demande du fichier /position.html
Mon Jan  2 18:25:18 2012 : demande du fichier /position.html
Mon Jan  2 18:25:18 2012 : demande du fichier /position.html
Mon Jan  2 18:25:18 2012 : demande du fichier /position.html
Mon Jan  2 18:25:18 2012 : demande du fichier /position.html
Mon Jan  2 18:25:18 2012 : demande du fichier /position.html
Mon Jan  2 18:25:19 2012 : demande du fichier /position.html
Mon Jan  2 18:25:19 2012 : demande du fichier /position.html
Mon Jan  2 18:25:19 2012 : demande du fichier /position.html
Mon Jan  2 18:25:19 2012 : demande du fichier /position.html
